<?xml version="1.0" encoding="UTF-8"?>
<!-- Generated by org.testng.reporters.JUnitXMLReporter -->
<testsuite hostname="RRHH-PM-L15" ignored="0" name="Surefire test" tests="5" failures="0" timestamp="26 feb 2024 07:20:46 GMT" time="59.897" errors="0">
  <testcase name="IncorrectUsername on IncorrectUsername(com.tests.LoginPage_Test)" time="7.57" classname="com.tests.LoginPage_Test"/>
  <testcase name="CorrectLogin on CorrectLogin(com.tests.LoginPage_Test)" time="33.201" classname="com.tests.LoginPage_Test"/>
  <testcase name="EmptyInputUsername on EmptyInputUsername(com.tests.LoginPage_Test)" time="38.044" classname="com.tests.LoginPage_Test"/>
  <testcase name="BackButton on BackButton(com.tests.LoginPage_Test)" time="53.695" classname="com.tests.LoginPage_Test"/>
  <testcase name="IncorrectPassword on IncorrectPassword(com.tests.LoginPage_Test)" time="59.757" classname="com.tests.LoginPage_Test"/>
</testsuite> <!-- Surefire test -->
