<?xml version="1.0" encoding="UTF-8"?>
<!-- Generated by org.testng.reporters.JUnitXMLReporter -->
<testsuite hostname="RRHH-PM-L15" ignored="0" name="Surefire test" tests="5" failures="0" timestamp="26 feb 2024 06:50:55 GMT" time="63.86" errors="0">
  <testcase name="IncorrectUsername on IncorrectUsername(com.tests.LoginPage_Test)" time="7.44" classname="com.tests.LoginPage_Test"/>
  <testcase name="CorrectLogin on CorrectLogin(com.tests.LoginPage_Test)" time="37.227" classname="com.tests.LoginPage_Test"/>
  <testcase name="EmptyInputUsername on EmptyInputUsername(com.tests.LoginPage_Test)" time="42.001" classname="com.tests.LoginPage_Test"/>
  <testcase name="BackButton on BackButton(com.tests.LoginPage_Test)" time="57.652" classname="com.tests.LoginPage_Test"/>
  <testcase name="IncorrectPassword on IncorrectPassword(com.tests.LoginPage_Test)" time="63.732" classname="com.tests.LoginPage_Test"/>
</testsuite> <!-- Surefire test -->
