<?xml version="1.0" encoding="UTF-8"?>
<testsuite xmlns:xsi="http://www.w3.org/2001/XMLSchema-instance" xsi:noNamespaceSchemaLocation="https://maven.apache.org/surefire/maven-surefire-plugin/xsd/surefire-test-report-3.0.xsd" version="3.0" name="com.tests.LoginPage_Test" time="61.715" tests="5" errors="0" skipped="0" failures="0">
  <properties>
[...]
</properties>
  <testcase name="IncorrectUsername on IncorrectUsername(com.tests.LoginPage_Test)" classname="com.tests.LoginPage_Test" time="8.043">
    <system-err><![CDATA[Starting ChromeDriver 121.0.6167.184 (057a8ae7deb3374d0f1b04b36304d236f0136188-refs/branch-heads/6167@{#1818}) on port 29027
Only local connections are allowed.
Please see https://chromedriver.chromium.org/security-considerations for suggestions on keeping ChromeDriver safe.
ChromeDriver was started successfully.
[1708931989.297][WARNING]: This version of ChromeDriver has not been tested with Chrome version 122.
[1708931993.478][SEVERE]: Unable to receive message from renderer
]]></system-err>
  </testcase>
  <testcase name="CorrectLogin on CorrectLogin(com.tests.LoginPage_Test)" classname="com.tests.LoginPage_Test" time="25.51">
    <system-err><![CDATA[Starting ChromeDriver 121.0.6167.184 (057a8ae7deb3374d0f1b04b36304d236f0136188-refs/branch-heads/6167@{#1818}) on port 14519
Only local connections are allowed.
Please see https://chromedriver.chromium.org/security-considerations for suggestions on keeping ChromeDriver safe.
ChromeDriver was started successfully.
[1708931995.429][WARNING]: This version of ChromeDriver has not been tested with Chrome version 122.
]]></system-err>
  </testcase>
  <testcase name="EmptyInputUsername on EmptyInputUsername(com.tests.LoginPage_Test)" classname="com.tests.LoginPage_Test" time="4.754">
    <system-err><![CDATA[Starting ChromeDriver 121.0.6167.184 (057a8ae7deb3374d0f1b04b36304d236f0136188-refs/branch-heads/6167@{#1818}) on port 24555
Only local connections are allowed.
Please see https://chromedriver.chromium.org/security-considerations for suggestions on keeping ChromeDriver safe.
ChromeDriver was started successfully.
[1708932021.419][WARNING]: This version of ChromeDriver has not been tested with Chrome version 122.
[1708932024.034][SEVERE]: Unable to receive message from renderer
]]></system-err>
  </testcase>
  <testcase name="BackButton on BackButton(com.tests.LoginPage_Test)" classname="com.tests.LoginPage_Test" time="15.433">
    <system-err><![CDATA[Starting ChromeDriver 121.0.6167.184 (057a8ae7deb3374d0f1b04b36304d236f0136188-refs/branch-heads/6167@{#1818}) on port 25717
Only local connections are allowed.
Please see https://chromedriver.chromium.org/security-considerations for suggestions on keeping ChromeDriver safe.
ChromeDriver was started successfully.
[1708932025.962][WARNING]: This version of ChromeDriver has not been tested with Chrome version 122.
]]></system-err>
  </testcase>
  <testcase name="IncorrectPassword on IncorrectPassword(com.tests.LoginPage_Test)" classname="com.tests.LoginPage_Test" time="7.202">
    <system-err><![CDATA[Starting ChromeDriver 121.0.6167.184 (057a8ae7deb3374d0f1b04b36304d236f0136188-refs/branch-heads/6167@{#1818}) on port 45849
Only local connections are allowed.
Please see https://chromedriver.chromium.org/security-considerations for suggestions on keeping ChromeDriver safe.
ChromeDriver was started successfully.
[1708932041.512][WARNING]: This version of ChromeDriver has not been tested with Chrome version 122.
]]></system-err>
  </testcase>
</testsuite>